<?xml version="1.0" encoding="UTF-8"?>
<!-- Generated by org.testng.reporters.JUnitReportReporter -->
<testsuite hostname="DESKTOP-ORJMM3M" failures="0" tests="1" name="com.inetBanking.testCases.Login_Test_003" time="46.456" errors="0" timestamp="2022-08-20T13:13:42 IST" skipped="0">
  <testcase classname="com.inetBanking.testCases.Login_Test_003" name="AddCust" time="46.456"/>
  <system-out/>
</testsuite> <!-- com.inetBanking.testCases.Login_Test_003 -->
