<?xml version="1.0" encoding="UTF-8"?>
<!-- Generated by org.testng.reporters.JUnitReportReporter -->
<testsuite hostname="DESKTOP-ORJMM3M" failures="0" tests="1" name="com.inetBanking.testCases.Login_test_001" time="44.569" errors="0" timestamp="2022-08-20T13:13:42 IST" skipped="0">
  <testcase classname="com.inetBanking.testCases.Login_test_001" name="LoginTest" time="44.569"/>
  <system-out/>
</testsuite> <!-- com.inetBanking.testCases.Login_test_001 -->
